<html>
<head>
<title>TestNG:  automationpractice.com</title>
<link href="../testng.css" rel="stylesheet" type="text/css" />
<link href="../my-testng.css" rel="stylesheet" type="text/css" />

<style type="text/css">
.log { display: none;} 
.stack-trace { display: none;} 
</style>
<script type="text/javascript">
<!--
function flip(e) {
  current = e.style.display;
  if (current == 'block') {
    e.style.display = 'none';
    return 0;
  }
  else {
    e.style.display = 'block';
    return 1;
  }
}

function toggleBox(szDivId, elem, msg1, msg2)
{
  var res = -1;  if (document.getElementById) {
    res = flip(document.getElementById(szDivId));
  }
  else if (document.all) {
    // this is the way old msie versions work
    res = flip(document.all[szDivId]);
  }
  if(elem) {
    if(res == 0) elem.innerHTML = msg1; else elem.innerHTML = msg2;
  }

}

function toggleAllBoxes() {
  if (document.getElementsByTagName) {
    d = document.getElementsByTagName('div');
    for (i = 0; i < d.length; i++) {
      if (d[i].className == 'log') {
        flip(d[i]);
      }
    }
  }
}

// -->
</script>

</head>
<body>
<h2 align='center'>automationpractice.com</h2><table border='1' align="center">
<tr>
<td>Tests passed/Failed/Skipped:</td><td>0/0/22</td>
</tr><tr>
<td>Started on:</td><td>Wed Mar 20 00:09:09 IST 2019</td>
</tr>
<tr><td>Total time:</td><td>0 seconds (139 ms)</td>
</tr><tr>
<td>Included groups:</td><td></td>
</tr><tr>
<td>Excluded groups:</td><td></td>
</tr>
</table><p/>
<small><i>(Hover the method name to see the test class name)</i></small><p/>
<table width='100%' border='1' class='invocation-failed'>
<tr><td colspan='4' align='center'><b>FAILED CONFIGURATIONS</b></td></tr>
<tr><td><b>Test method</b></td>
<td width="30%"><b>Exception</b></td>
<td width="10%"><b>Time (seconds)</b></td>
<td><b>Instance</b></td>
</tr>
<tr>
<td title='automationpractice.com.CreateAccountFormTest.setup()'><b>setup</b><br>Test class: automationpractice.com.CreateAccountFormTest</td>
<td><div><pre>java.lang.IllegalStateException: The driver executable does not exist: G:\automationpractice.com-master\drivers\chromedriver.exe
	at com.google.common.base.Preconditions.checkState(Preconditions.java:199)
	at org.openqa.selenium.remote.service.DriverService.checkExecutable(DriverService.java:121)
	at org.openqa.selenium.remote.service.DriverService.findExecutable(DriverService.java:116)
	at org.openqa.selenium.chrome.ChromeDriverService.access$000(ChromeDriverService.java:32)
	at org.openqa.selenium.chrome.ChromeDriverService$Builder.findDefaultExecutable(ChromeDriverService.java:137)
	at org.openqa.selenium.remote.service.DriverService$Builder.build(DriverService.java:296)
	at org.openqa.selenium.chrome.ChromeDriverService.createDefaultService(ChromeDriverService.java:88)
	at org.openqa.selenium.chrome.ChromeDriver.&lt;init&gt;(ChromeDriver.java:120)
	at automationpractice.com.CreateAccountFormTest.setup(CreateAccountFormTest.java:30)
... Removed 24 stack frames</pre></div><a href='#' onClick='toggleBox("stack-trace25548982", this, "Click to show all stack frames", "Click to hide stack frames")'>Click to show all stack frames</a>
<div class='stack-trace' id='stack-trace25548982'><pre>java.lang.IllegalStateException: The driver executable does not exist: G:\automationpractice.com-master\drivers\chromedriver.exe
	at com.google.common.base.Preconditions.checkState(Preconditions.java:199)
	at org.openqa.selenium.remote.service.DriverService.checkExecutable(DriverService.java:121)
	at org.openqa.selenium.remote.service.DriverService.findExecutable(DriverService.java:116)
	at org.openqa.selenium.chrome.ChromeDriverService.access$000(ChromeDriverService.java:32)
	at org.openqa.selenium.chrome.ChromeDriverService$Builder.findDefaultExecutable(ChromeDriverService.java:137)
	at org.openqa.selenium.remote.service.DriverService$Builder.build(DriverService.java:296)
	at org.openqa.selenium.chrome.ChromeDriverService.createDefaultService(ChromeDriverService.java:88)
	at org.openqa.selenium.chrome.ChromeDriver.&lt;init&gt;(ChromeDriver.java:120)
	at automationpractice.com.CreateAccountFormTest.setup(CreateAccountFormTest.java:30)
	at sun.reflect.NativeMethodAccessorImpl.invoke0(Native Method)
	at sun.reflect.NativeMethodAccessorImpl.invoke(Unknown Source)
	at sun.reflect.DelegatingMethodAccessorImpl.invoke(Unknown Source)
	at java.lang.reflect.Method.invoke(Unknown Source)
	at org.testng.internal.MethodInvocationHelper.invokeMethod(MethodInvocationHelper.java:86)
	at org.testng.internal.Invoker.invokeConfigurationMethod(Invoker.java:514)
	at org.testng.internal.Invoker.invokeConfigurations(Invoker.java:215)
	at org.testng.internal.Invoker.invokeConfigurations(Invoker.java:142)
	at org.testng.internal.TestMethodWorker.invokeBeforeClassMethods(TestMethodWorker.java:178)
	at org.testng.internal.TestMethodWorker.run(TestMethodWorker.java:108)
	at org.testng.TestRunner.privateRun(TestRunner.java:782)
	at org.testng.TestRunner.run(TestRunner.java:632)
	at org.testng.SuiteRunner.runTest(SuiteRunner.java:366)
	at org.testng.SuiteRunner.runSequentially(SuiteRunner.java:361)
	at org.testng.SuiteRunner.privateRun(SuiteRunner.java:319)
	at org.testng.SuiteRunner.run(SuiteRunner.java:268)
	at org.testng.SuiteRunnerWorker.runSuite(SuiteRunnerWorker.java:52)
	at org.testng.SuiteRunnerWorker.run(SuiteRunnerWorker.java:86)
	at org.testng.TestNG.runSuitesSequentially(TestNG.java:1244)
	at org.testng.TestNG.runSuitesLocally(TestNG.java:1169)
	at org.testng.TestNG.run(TestNG.java:1064)
	at org.testng.remote.RemoteTestNG.run(RemoteTestNG.java:113)
	at org.testng.remote.RemoteTestNG.initAndRun(RemoteTestNG.java:206)
	at org.testng.remote.RemoteTestNG.main(RemoteTestNG.java:177)
</pre></div></td>
<td>0</td>
<td>automationpractice.com.CreateAccountFormTest@35f983a6</td></tr>
<tr>
<td title='automationpractice.com.LoginFormTest.setup()'><b>setup</b><br>Test class: automationpractice.com.LoginFormTest</td>
<td><div><pre>java.lang.IllegalStateException: The driver executable does not exist: G:\automationpractice.com-master\drivers\chromedriver.exe
	at com.google.common.base.Preconditions.checkState(Preconditions.java:199)
	at org.openqa.selenium.remote.service.DriverService.checkExecutable(DriverService.java:121)
	at org.openqa.selenium.remote.service.DriverService.findExecutable(DriverService.java:116)
	at org.openqa.selenium.chrome.ChromeDriverService.access$000(ChromeDriverService.java:32)
	at org.openqa.selenium.chrome.ChromeDriverService$Builder.findDefaultExecutable(ChromeDriverService.java:137)
	at org.openqa.selenium.remote.service.DriverService$Builder.build(DriverService.java:296)
	at org.openqa.selenium.chrome.ChromeDriverService.createDefaultService(ChromeDriverService.java:88)
	at org.openqa.selenium.chrome.ChromeDriver.&lt;init&gt;(ChromeDriver.java:120)
	at automationpractice.com.LoginFormTest.setup(LoginFormTest.java:25)
... Removed 24 stack frames</pre></div><a href='#' onClick='toggleBox("stack-trace1325808650", this, "Click to show all stack frames", "Click to hide stack frames")'>Click to show all stack frames</a>
<div class='stack-trace' id='stack-trace1325808650'><pre>java.lang.IllegalStateException: The driver executable does not exist: G:\automationpractice.com-master\drivers\chromedriver.exe
	at com.google.common.base.Preconditions.checkState(Preconditions.java:199)
	at org.openqa.selenium.remote.service.DriverService.checkExecutable(DriverService.java:121)
	at org.openqa.selenium.remote.service.DriverService.findExecutable(DriverService.java:116)
	at org.openqa.selenium.chrome.ChromeDriverService.access$000(ChromeDriverService.java:32)
	at org.openqa.selenium.chrome.ChromeDriverService$Builder.findDefaultExecutable(ChromeDriverService.java:137)
	at org.openqa.selenium.remote.service.DriverService$Builder.build(DriverService.java:296)
	at org.openqa.selenium.chrome.ChromeDriverService.createDefaultService(ChromeDriverService.java:88)
	at org.openqa.selenium.chrome.ChromeDriver.&lt;init&gt;(ChromeDriver.java:120)
	at automationpractice.com.LoginFormTest.setup(LoginFormTest.java:25)
	at sun.reflect.NativeMethodAccessorImpl.invoke0(Native Method)
	at sun.reflect.NativeMethodAccessorImpl.invoke(Unknown Source)
	at sun.reflect.DelegatingMethodAccessorImpl.invoke(Unknown Source)
	at java.lang.reflect.Method.invoke(Unknown Source)
	at org.testng.internal.MethodInvocationHelper.invokeMethod(MethodInvocationHelper.java:86)
	at org.testng.internal.Invoker.invokeConfigurationMethod(Invoker.java:514)
	at org.testng.internal.Invoker.invokeConfigurations(Invoker.java:215)
	at org.testng.internal.Invoker.invokeConfigurations(Invoker.java:142)
	at org.testng.internal.TestMethodWorker.invokeBeforeClassMethods(TestMethodWorker.java:178)
	at org.testng.internal.TestMethodWorker.run(TestMethodWorker.java:108)
	at org.testng.TestRunner.privateRun(TestRunner.java:782)
	at org.testng.TestRunner.run(TestRunner.java:632)
	at org.testng.SuiteRunner.runTest(SuiteRunner.java:366)
	at org.testng.SuiteRunner.runSequentially(SuiteRunner.java:361)
	at org.testng.SuiteRunner.privateRun(SuiteRunner.java:319)
	at org.testng.SuiteRunner.run(SuiteRunner.java:268)
	at org.testng.SuiteRunnerWorker.runSuite(SuiteRunnerWorker.java:52)
	at org.testng.SuiteRunnerWorker.run(SuiteRunnerWorker.java:86)
	at org.testng.TestNG.runSuitesSequentially(TestNG.java:1244)
	at org.testng.TestNG.runSuitesLocally(TestNG.java:1169)
	at org.testng.TestNG.run(TestNG.java:1064)
	at org.testng.remote.RemoteTestNG.run(RemoteTestNG.java:113)
	at org.testng.remote.RemoteTestNG.initAndRun(RemoteTestNG.java:206)
	at org.testng.remote.RemoteTestNG.main(RemoteTestNG.java:177)
</pre></div></td>
<td>0</td>
<td>automationpractice.com.LoginFormTest@7f690630</td></tr>
<tr>
<td title='automationpractice.com.ShopWorkflowTest.setup()'><b>setup</b><br>Test class: automationpractice.com.ShopWorkflowTest</td>
<td><div><pre>java.lang.IllegalStateException: The driver executable does not exist: G:\automationpractice.com-master\drivers\chromedriver.exe
	at com.google.common.base.Preconditions.checkState(Preconditions.java:199)
	at org.openqa.selenium.remote.service.DriverService.checkExecutable(DriverService.java:121)
	at org.openqa.selenium.remote.service.DriverService.findExecutable(DriverService.java:116)
	at org.openqa.selenium.chrome.ChromeDriverService.access$000(ChromeDriverService.java:32)
	at org.openqa.selenium.chrome.ChromeDriverService$Builder.findDefaultExecutable(ChromeDriverService.java:137)
	at org.openqa.selenium.remote.service.DriverService$Builder.build(DriverService.java:296)
	at org.openqa.selenium.chrome.ChromeDriverService.createDefaultService(ChromeDriverService.java:88)
	at org.openqa.selenium.chrome.ChromeDriver.&lt;init&gt;(ChromeDriver.java:120)
	at automationpractice.com.ShopWorkflowTest.setup(ShopWorkflowTest.java:34)
... Removed 24 stack frames</pre></div><a href='#' onClick='toggleBox("stack-trace238157928", this, "Click to show all stack frames", "Click to hide stack frames")'>Click to show all stack frames</a>
<div class='stack-trace' id='stack-trace238157928'><pre>java.lang.IllegalStateException: The driver executable does not exist: G:\automationpractice.com-master\drivers\chromedriver.exe
	at com.google.common.base.Preconditions.checkState(Preconditions.java:199)
	at org.openqa.selenium.remote.service.DriverService.checkExecutable(DriverService.java:121)
	at org.openqa.selenium.remote.service.DriverService.findExecutable(DriverService.java:116)
	at org.openqa.selenium.chrome.ChromeDriverService.access$000(ChromeDriverService.java:32)
	at org.openqa.selenium.chrome.ChromeDriverService$Builder.findDefaultExecutable(ChromeDriverService.java:137)
	at org.openqa.selenium.remote.service.DriverService$Builder.build(DriverService.java:296)
	at org.openqa.selenium.chrome.ChromeDriverService.createDefaultService(ChromeDriverService.java:88)
	at org.openqa.selenium.chrome.ChromeDriver.&lt;init&gt;(ChromeDriver.java:120)
	at automationpractice.com.ShopWorkflowTest.setup(ShopWorkflowTest.java:34)
	at sun.reflect.NativeMethodAccessorImpl.invoke0(Native Method)
	at sun.reflect.NativeMethodAccessorImpl.invoke(Unknown Source)
	at sun.reflect.DelegatingMethodAccessorImpl.invoke(Unknown Source)
	at java.lang.reflect.Method.invoke(Unknown Source)
	at org.testng.internal.MethodInvocationHelper.invokeMethod(MethodInvocationHelper.java:86)
	at org.testng.internal.Invoker.invokeConfigurationMethod(Invoker.java:514)
	at org.testng.internal.Invoker.invokeConfigurations(Invoker.java:215)
	at org.testng.internal.Invoker.invokeConfigurations(Invoker.java:142)
	at org.testng.internal.TestMethodWorker.invokeBeforeClassMethods(TestMethodWorker.java:178)
	at org.testng.internal.TestMethodWorker.run(TestMethodWorker.java:108)
	at org.testng.TestRunner.privateRun(TestRunner.java:782)
	at org.testng.TestRunner.run(TestRunner.java:632)
	at org.testng.SuiteRunner.runTest(SuiteRunner.java:366)
	at org.testng.SuiteRunner.runSequentially(SuiteRunner.java:361)
	at org.testng.SuiteRunner.privateRun(SuiteRunner.java:319)
	at org.testng.SuiteRunner.run(SuiteRunner.java:268)
	at org.testng.SuiteRunnerWorker.runSuite(SuiteRunnerWorker.java:52)
	at org.testng.SuiteRunnerWorker.run(SuiteRunnerWorker.java:86)
	at org.testng.TestNG.runSuitesSequentially(TestNG.java:1244)
	at org.testng.TestNG.runSuitesLocally(TestNG.java:1169)
	at org.testng.TestNG.run(TestNG.java:1064)
	at org.testng.remote.RemoteTestNG.run(RemoteTestNG.java:113)
	at org.testng.remote.RemoteTestNG.initAndRun(RemoteTestNG.java:206)
	at org.testng.remote.RemoteTestNG.main(RemoteTestNG.java:177)
</pre></div></td>
<td>0</td>
<td>automationpractice.com.ShopWorkflowTest@edf4efb</td></tr>
</table><p>
<table width='100%' border='1' class='invocation-skipped'>
<tr><td colspan='4' align='center'><b>SKIPPED CONFIGURATIONS</b></td></tr>
<tr><td><b>Test method</b></td>
<td width="30%"><b>Exception</b></td>
<td width="10%"><b>Time (seconds)</b></td>
<td><b>Instance</b></td>
</tr>
<tr>
<td title='automationpractice.com.CreateAccountFormTest.closeAll()'><b>closeAll</b><br>Test class: automationpractice.com.CreateAccountFormTest</td>
<td></td>
<td>0</td>
<td>automationpractice.com.CreateAccountFormTest@35f983a6</td></tr>
<tr>
<td title='automationpractice.com.LoginFormTest.closeAll()'><b>closeAll</b><br>Test class: automationpractice.com.LoginFormTest</td>
<td></td>
<td>0</td>
<td>automationpractice.com.LoginFormTest@7f690630</td></tr>
<tr>
<td title='automationpractice.com.ShopWorkflowTest.closeAll()'><b>closeAll</b><br>Test class: automationpractice.com.ShopWorkflowTest</td>
<td></td>
<td>0</td>
<td>automationpractice.com.ShopWorkflowTest@edf4efb</td></tr>
</table><p>
<table width='100%' border='1' class='invocation-skipped'>
<tr><td colspan='4' align='center'><b>SKIPPED TESTS</b></td></tr>
<tr><td><b>Test method</b></td>
<td width="30%"><b>Exception</b></td>
<td width="10%"><b>Time (seconds)</b></td>
<td><b>Instance</b></td>
</tr>
<tr>
<td title='automationpractice.com.CreateAccountFormTest.authenticationPage()'><b>authenticationPage</b><br>Test class: automationpractice.com.CreateAccountFormTest</td>
<td></td>
<td>0</td>
<td>automationpractice.com.CreateAccountFormTest@35f983a6</td></tr>
<tr>
<td title='automationpractice.com.CreateAccountFormTest.authenticationPageEmailField()'><b>authenticationPageEmailField</b><br>Test class: automationpractice.com.CreateAccountFormTest</td>
<td></td>
<td>0</td>
<td>automationpractice.com.CreateAccountFormTest@35f983a6</td></tr>
<tr>
<td title='automationpractice.com.ShopWorkflowTest.billingAndDeliveryAddress()'><b>billingAndDeliveryAddress</b><br>Test class: automationpractice.com.ShopWorkflowTest</td>
<td></td>
<td>0</td>
<td>automationpractice.com.ShopWorkflowTest@edf4efb</td></tr>
<tr>
<td title='automationpractice.com.ShopWorkflowTest.checkIsOrderVisibleInOrderHistorySection()'><b>checkIsOrderVisibleInOrderHistorySection</b><br>Test class: automationpractice.com.ShopWorkflowTest</td>
<td></td>
<td>0</td>
<td>automationpractice.com.ShopWorkflowTest@edf4efb</td></tr>
<tr>
<td title='automationpractice.com.ShopWorkflowTest.checkingCartProductsQtyAndPrice()'><b>checkingCartProductsQtyAndPrice</b><br>Test class: automationpractice.com.ShopWorkflowTest</td>
<td></td>
<td>0</td>
<td>automationpractice.com.ShopWorkflowTest@edf4efb</td></tr>
<tr>
<td title='automationpractice.com.ShopWorkflowTest.confirmOrder()'><b>confirmOrder</b><br>Test class: automationpractice.com.ShopWorkflowTest</td>
<td></td>
<td>0</td>
<td>automationpractice.com.ShopWorkflowTest@edf4efb</td></tr>
<tr>
<td title='automationpractice.com.ShopWorkflowTest.continueToShoppingSummary()'><b>continueToShoppingSummary</b><br>Test class: automationpractice.com.ShopWorkflowTest</td>
<td></td>
<td>0</td>
<td>automationpractice.com.ShopWorkflowTest@edf4efb</td></tr>
<tr>
<td title='automationpractice.com.CreateAccountFormTest.createAccountSuccessfully()'><b>createAccountSuccessfully</b><br>Test class: automationpractice.com.CreateAccountFormTest</td>
<td></td>
<td>0</td>
<td>automationpractice.com.CreateAccountFormTest@35f983a6</td></tr>
<tr>
<td title='automationpractice.com.ShopWorkflowTest.deleteCartProducts()'><b>deleteCartProducts</b><br>Test class: automationpractice.com.ShopWorkflowTest</td>
<td></td>
<td>0</td>
<td>automationpractice.com.ShopWorkflowTest@edf4efb</td></tr>
<tr>
<td title='automationpractice.com.LoginFormTest.emailFormat()'><b>emailFormat</b><br>Test class: automationpractice.com.LoginFormTest</td>
<td></td>
<td>0</td>
<td>automationpractice.com.LoginFormTest@7f690630</td></tr>
<tr>
<td title='automationpractice.com.ShopWorkflowTest.increaseQtyOfProduct1()'><b>increaseQtyOfProduct1</b><br>Test class: automationpractice.com.ShopWorkflowTest</td>
<td></td>
<td>0</td>
<td>automationpractice.com.ShopWorkflowTest@edf4efb</td></tr>
<tr>
<td title='automationpractice.com.LoginFormTest.invalidCredentials()'><b>invalidCredentials</b><br>Test class: automationpractice.com.LoginFormTest</td>
<td></td>
<td>0</td>
<td>automationpractice.com.LoginFormTest@7f690630</td></tr>
<tr>
<td title='automationpractice.com.LoginFormTest.loginPage()'><b>loginPage</b><br>Test class: automationpractice.com.LoginFormTest</td>
<td></td>
<td>0</td>
<td>automationpractice.com.LoginFormTest@7f690630</td></tr>
<tr>
<td title='automationpractice.com.LoginFormTest.loginWithoutCredentials()'><b>loginWithoutCredentials</b><br>Test class: automationpractice.com.LoginFormTest</td>
<td></td>
<td>0</td>
<td>automationpractice.com.LoginFormTest@7f690630</td></tr>
<tr>
<td title='automationpractice.com.ShopWorkflowTest.payment()'><b>payment</b><br>Test class: automationpractice.com.ShopWorkflowTest</td>
<td></td>
<td>0</td>
<td>automationpractice.com.ShopWorkflowTest@edf4efb</td></tr>
<tr>
<td title='automationpractice.com.CreateAccountFormTest.personalInfoFields()'><b>personalInfoFields</b><br>Test class: automationpractice.com.CreateAccountFormTest</td>
<td></td>
<td>0</td>
<td>automationpractice.com.CreateAccountFormTest@35f983a6</td></tr>
<tr>
<td title='automationpractice.com.CreateAccountFormTest.requiredFieldsEmpty()'><b>requiredFieldsEmpty</b><br>Test class: automationpractice.com.CreateAccountFormTest</td>
<td></td>
<td>0</td>
<td>automationpractice.com.CreateAccountFormTest@35f983a6</td></tr>
<tr>
<td title='automationpractice.com.CreateAccountFormTest.requiredFieldsInputFormat()'><b>requiredFieldsInputFormat</b><br>Test class: automationpractice.com.CreateAccountFormTest</td>
<td></td>
<td>0</td>
<td>automationpractice.com.CreateAccountFormTest@35f983a6</td></tr>
<tr>
<td title='automationpractice.com.ShopWorkflowTest.selectChlotes()'><b>selectChlotes</b><br>Test class: automationpractice.com.ShopWorkflowTest</td>
<td></td>
<td>0</td>
<td>automationpractice.com.ShopWorkflowTest@edf4efb</td></tr>
<tr>
<td title='automationpractice.com.ShopWorkflowTest.signinRequest()'><b>signinRequest</b><br>Test class: automationpractice.com.ShopWorkflowTest</td>
<td></td>
<td>0</td>
<td>automationpractice.com.ShopWorkflowTest@edf4efb</td></tr>
<tr>
<td title='automationpractice.com.LoginFormTest.successfulLogin()'><b>successfulLogin</b><br>Test class: automationpractice.com.LoginFormTest</td>
<td></td>
<td>0</td>
<td>automationpractice.com.LoginFormTest@7f690630</td></tr>
<tr>
<td title='automationpractice.com.ShopWorkflowTest.termsOfServiceModal()'><b>termsOfServiceModal</b><br>Test class: automationpractice.com.ShopWorkflowTest</td>
<td></td>
<td>0</td>
<td>automationpractice.com.ShopWorkflowTest@edf4efb</td></tr>
</table><p>
</body>
</html>