<?xml version="1.0" encoding="UTF-8"?>
<!-- Generated by org.testng.reporters.JUnitXMLReporter -->
<testsuite hostname="Sahiram" name="automationpractice.com" tests="22" failures="0" timestamp="19 Mar 2019 18:39:09 GMT" time="0.139" errors="0">
  <testcase name="@BeforeClass setup" time="0.0" classname="automationpractice.com.CreateAccountFormTest">
    <failure type="java.lang.IllegalStateException" message="The driver executable does not exist: G:\automationpractice.com-master\drivers\chromedriver.exe">
      <![CDATA[java.lang.IllegalStateException: The driver executable does not exist: G:\automationpractice.com-master\drivers\chromedriver.exe
	at com.google.common.base.Preconditions.checkState(Preconditions.java:199)
	at org.openqa.selenium.remote.service.DriverService.checkExecutable(DriverService.java:121)
	at org.openqa.selenium.remote.service.DriverService.findExecutable(DriverService.java:116)
	at org.openqa.selenium.chrome.ChromeDriverService.access$000(ChromeDriverService.java:32)
	at org.openqa.selenium.chrome.ChromeDriverService$Builder.findDefaultExecutable(ChromeDriverService.java:137)
	at org.openqa.selenium.remote.service.DriverService$Builder.build(DriverService.java:296)
	at org.openqa.selenium.chrome.ChromeDriverService.createDefaultService(ChromeDriverService.java:88)
	at org.openqa.selenium.chrome.ChromeDriver.<init>(ChromeDriver.java:120)
	at automationpractice.com.CreateAccountFormTest.setup(CreateAccountFormTest.java:30)
... Removed 24 stack frames]]>
    </failure>
  </testcase> <!-- @BeforeClass setup -->
  <testcase name="@AfterClass closeAll" time="0.0" classname="automationpractice.com.CreateAccountFormTest">
    <skipped/>
  </testcase> <!-- @AfterClass closeAll -->
  <testcase name="@BeforeClass setup" time="0.0" classname="automationpractice.com.LoginFormTest">
    <failure type="java.lang.IllegalStateException" message="The driver executable does not exist: G:\automationpractice.com-master\drivers\chromedriver.exe">
      <![CDATA[java.lang.IllegalStateException: The driver executable does not exist: G:\automationpractice.com-master\drivers\chromedriver.exe
	at com.google.common.base.Preconditions.checkState(Preconditions.java:199)
	at org.openqa.selenium.remote.service.DriverService.checkExecutable(DriverService.java:121)
	at org.openqa.selenium.remote.service.DriverService.findExecutable(DriverService.java:116)
	at org.openqa.selenium.chrome.ChromeDriverService.access$000(ChromeDriverService.java:32)
	at org.openqa.selenium.chrome.ChromeDriverService$Builder.findDefaultExecutable(ChromeDriverService.java:137)
	at org.openqa.selenium.remote.service.DriverService$Builder.build(DriverService.java:296)
	at org.openqa.selenium.chrome.ChromeDriverService.createDefaultService(ChromeDriverService.java:88)
	at org.openqa.selenium.chrome.ChromeDriver.<init>(ChromeDriver.java:120)
	at automationpractice.com.LoginFormTest.setup(LoginFormTest.java:25)
... Removed 24 stack frames]]>
    </failure>
  </testcase> <!-- @BeforeClass setup -->
  <testcase name="@AfterClass closeAll" time="0.0" classname="automationpractice.com.LoginFormTest">
    <skipped/>
  </testcase> <!-- @AfterClass closeAll -->
  <testcase name="@BeforeClass setup" time="0.0" classname="automationpractice.com.ShopWorkflowTest">
    <failure type="java.lang.IllegalStateException" message="The driver executable does not exist: G:\automationpractice.com-master\drivers\chromedriver.exe">
      <![CDATA[java.lang.IllegalStateException: The driver executable does not exist: G:\automationpractice.com-master\drivers\chromedriver.exe
	at com.google.common.base.Preconditions.checkState(Preconditions.java:199)
	at org.openqa.selenium.remote.service.DriverService.checkExecutable(DriverService.java:121)
	at org.openqa.selenium.remote.service.DriverService.findExecutable(DriverService.java:116)
	at org.openqa.selenium.chrome.ChromeDriverService.access$000(ChromeDriverService.java:32)
	at org.openqa.selenium.chrome.ChromeDriverService$Builder.findDefaultExecutable(ChromeDriverService.java:137)
	at org.openqa.selenium.remote.service.DriverService$Builder.build(DriverService.java:296)
	at org.openqa.selenium.chrome.ChromeDriverService.createDefaultService(ChromeDriverService.java:88)
	at org.openqa.selenium.chrome.ChromeDriver.<init>(ChromeDriver.java:120)
	at automationpractice.com.ShopWorkflowTest.setup(ShopWorkflowTest.java:34)
... Removed 24 stack frames]]>
    </failure>
  </testcase> <!-- @BeforeClass setup -->
  <testcase name="@AfterClass closeAll" time="0.0" classname="automationpractice.com.ShopWorkflowTest">
    <skipped/>
  </testcase> <!-- @AfterClass closeAll -->
  <testcase name="authenticationPage" time="0.001" classname="automationpractice.com.CreateAccountFormTest">
    <skipped/>
  </testcase> <!-- authenticationPage -->
  <testcase name="authenticationPageEmailField" time="0.001" classname="automationpractice.com.CreateAccountFormTest">
    <skipped/>
  </testcase> <!-- authenticationPageEmailField -->
  <testcase name="personalInfoFields" time="0.001" classname="automationpractice.com.CreateAccountFormTest">
    <skipped/>
  </testcase> <!-- personalInfoFields -->
  <testcase name="requiredFieldsEmpty" time="0.001" classname="automationpractice.com.CreateAccountFormTest">
    <skipped/>
  </testcase> <!-- requiredFieldsEmpty -->
  <testcase name="requiredFieldsInputFormat" time="0.001" classname="automationpractice.com.CreateAccountFormTest">
    <skipped/>
  </testcase> <!-- requiredFieldsInputFormat -->
  <testcase name="createAccountSuccessfully" time="0.001" classname="automationpractice.com.CreateAccountFormTest">
    <skipped/>
  </testcase> <!-- createAccountSuccessfully -->
  <testcase name="loginPage" time="0.001" classname="automationpractice.com.LoginFormTest">
    <skipped/>
  </testcase> <!-- loginPage -->
  <testcase name="invalidCredentials" time="0.001" classname="automationpractice.com.LoginFormTest">
    <skipped/>
  </testcase> <!-- invalidCredentials -->
  <testcase name="loginWithoutCredentials" time="0.001" classname="automationpractice.com.LoginFormTest">
    <skipped/>
  </testcase> <!-- loginWithoutCredentials -->
  <testcase name="emailFormat" time="0.001" classname="automationpractice.com.LoginFormTest">
    <skipped/>
  </testcase> <!-- emailFormat -->
  <testcase name="successfulLogin" time="0.001" classname="automationpractice.com.LoginFormTest">
    <skipped/>
  </testcase> <!-- successfulLogin -->
  <testcase name="selectChlotes" time="0.0" classname="automationpractice.com.ShopWorkflowTest">
    <skipped/>
  </testcase> <!-- selectChlotes -->
  <testcase name="deleteCartProducts" time="0.0" classname="automationpractice.com.ShopWorkflowTest">
    <skipped/>
  </testcase> <!-- deleteCartProducts -->
  <testcase name="checkingCartProductsQtyAndPrice" time="0.0" classname="automationpractice.com.ShopWorkflowTest">
    <skipped/>
  </testcase> <!-- checkingCartProductsQtyAndPrice -->
  <testcase name="continueToShoppingSummary" time="0.0" classname="automationpractice.com.ShopWorkflowTest">
    <skipped/>
  </testcase> <!-- continueToShoppingSummary -->
  <testcase name="increaseQtyOfProduct1" time="0.0" classname="automationpractice.com.ShopWorkflowTest">
    <skipped/>
  </testcase> <!-- increaseQtyOfProduct1 -->
  <testcase name="signinRequest" time="0.0" classname="automationpractice.com.ShopWorkflowTest">
    <skipped/>
  </testcase> <!-- signinRequest -->
  <testcase name="billingAndDeliveryAddress" time="0.001" classname="automationpractice.com.ShopWorkflowTest">
    <skipped/>
  </testcase> <!-- billingAndDeliveryAddress -->
  <testcase name="termsOfServiceModal" time="0.001" classname="automationpractice.com.ShopWorkflowTest">
    <skipped/>
  </testcase> <!-- termsOfServiceModal -->
  <testcase name="payment" time="0.001" classname="automationpractice.com.ShopWorkflowTest">
    <skipped/>
  </testcase> <!-- payment -->
  <testcase name="confirmOrder" time="0.0" classname="automationpractice.com.ShopWorkflowTest">
    <skipped/>
  </testcase> <!-- confirmOrder -->
  <testcase name="checkIsOrderVisibleInOrderHistorySection" time="0.0" classname="automationpractice.com.ShopWorkflowTest">
    <skipped/>
  </testcase> <!-- checkIsOrderVisibleInOrderHistorySection -->
</testsuite> <!-- automationpractice.com -->
